  Max Distance: 1.2582847451987964 cm
  Unique Object Sum: 0 + 13
  Mismatching Objects Sum: 2
--- D:\prog\svgFiles\torss\SIEVIETES_TORSS__AR__KOEF.svgSheet.ii.svg   D:\prog\svgFiles\torss\SIEVIETES_TORSS__AR__KOEF.svgSheet.iii.svg
  Max Distance: 1.2582847451987964 cm
  Unique Object Sum: 0 + 13
  Mismatching Objects Sum: 2
--- D:\prog\svgFiles\torss\SIEVIETES_TORSS__AR__KOEF.svgSheet.ii.svg   D:\prog\svgFiles\torss\SIEVIETES_TORSS__AR__KOEF.svgSheet.iii.svg
  Max Distance: 1.2582847451987964 cm
  Unique Object Sum: 0 + 13
  Mismatching Objects Sum: 2
--- D:\prog\svgFiles\torss\SIEVIETES_TORSS__AR__KOEF.svgSheet.ii.svg   D:\prog\svgFiles\torss\SIEVIETES_TORSS__AR__KOEF.svgSheet.iii.svg
  Max Distance: 1.2582847451987964 cm
  Unique Object Sum: 0 + 13
  Mismatching Objects Sum: 2
--- D:\prog\svgFiles\torss\SIEVIETES_TORSS__AR__KOEF.svgSheet.ii.svg   D:\prog\svgFiles\torss\SIEVIETES_TORSS__AR__KOEF.svgSheet.iii.svg
  Max Distance: 1.2582847451987964 cm
  Unique Object Sum: 0 + 13
  Mismatching Objects Sum: 2
--- D:\prog\svgFiles\torss\SIEVIETES_TORSS__AR__KOEF.svgSheet.ii.svg   D:\prog\svgFiles\torss\SIEVIETES_TORSS__AR__KOEF.svgSheet.iii.svg
  Max Distance: 1.2582847451987964 cm
  Unique Object Sum: 0 + 13
  Mismatching Objects Sum: 2
--- D:\prog\svgFiles\torss\SIEVIETES_TORSS__AR__KOEF.svgSheet.ii.svg   D:\prog\svgFiles\torss\SIEVIETES_TORSS__AR__KOEF.svgSheet.iii.svg
  Max Distance: 1.2582847451987964 cm
  Unique Object Sum: 0 + 13
  Mismatching Objects Sum: 2
--- D:\prog\svgFiles\torss\SIEVIETES_TORSS__AR__KOEF.svgSheet.ii.svg   D:\prog\svgFiles\torss\SIEVIETES_TORSS__AR__KOEF.svgSheet.iii.svg
  Max Distance: 1.2582847451987964 cm
  Unique Object Sum: 0 + 13
  Mismatching Objects Sum: 2
--- D:\prog\svgFiles\torss\SIEVIETES_TORSS__AR__KOEF.svgSheet.ii.svg   D:\prog\svgFiles\torss\SIEVIETES_TORSS__AR__KOEF.svgSheet.iii.svg
  Max Distance: 1.2582847451987964 cm
  Unique Object Sum: 0 + 13
  Mismatching Objects Sum: 2
--- svgFiles\torss\SIEVIETES_TORSS__AR__KOEF.svgSheet.ii.svg   svgFiles\torss\SIEVIETES_TORSS__AR__KOEF.svgSheet.iii.svg
  Max Distance: 1.2582847451987964 cm
  Unique Object Sum: 0 + 13
  Mismatching Objects Sum: 2
