-------------------------------------------------
1. DS123-17_DS123-17.log   1 file pairs offsets exceeds maximum acceptable offset 0.2cm
-------------------------------------------------
2. DS123-17_DS123-17.log   1 file pairs offsets exceeds maximum acceptable offset 0.2cm
-------------------------------------------------
3. DS123-17_DS123-17.log   1 file pairs offsets exceeds maximum acceptable offset 0.2cm
-------------------------------------------------
4. DS123-17_DS123-17.log   1 file pairs offsets exceeds maximum acceptable offset 0.2cm
-------------------------------------------------
5. D:\prog\test21/SKAIDRA.svg_D:\prog\test21/SGS27-28.log   1 file pairs offsets exceeds maximum acceptable offset 0.2cm
-------------------------------------------------
6. D:\prog\test21/SKAIDRA.svg_D:\prog\test21/SGS27-28.log   1 file pairs offsets exceeds maximum acceptable offset 0.2cm
-------------------------------------------------
7. D:\prog\test21/SKAIDRA.svg_D:\prog\test21/SGS27-28.log   1 file pairs offsets exceeds maximum acceptable offset 0.2cm
-------------------------------------------------
8. D:\prog\test21\SGS27-28_D:\prog\test21\SGS27-28.log   1 file pairs offsets exceeds maximum acceptable offset 0.2cm
-------------------------------------------------
9. D:\prog\test21\SGS27-28_D:\prog\test21\SGS27-28.log   1 file pairs offsets exceeds maximum acceptable offset 0.2cm
-------------------------------------------------
10. D:\prog\test21\SGS27-28_D:\prog\test21\SGS27-28.log   1 file pairs offsets exceeds maximum acceptable offset 0.2cm
-------------------------------------------------
11. D:\prog\test21\SGS27-28_D:\prog\test21\SGS27-28.log   1 file pairs offsets exceeds maximum acceptable offset 0.2cm
-------------------------------------------------
12. D:\prog\testFiles\PGS31-25_D:\prog\testFiles\PGS31-25.log   1 file pairs offsets exceeds maximum acceptable offset 0.2cm
-------------------------------------------------
13. D:\prog\testFiles\PGS31-25_D:\prog\testFiles\PGS31-25.log   1 file pairs offsets exceeds maximum acceptable offset 0.2cm
-------------------------------------------------
14. D:\prog\testFiles\PGS31-25_D:\prog\testFiles\PGS31-25.log   1 file pairs offsets exceeds maximum acceptable offset 0.2cm
-------------------------------------------------
15. DS123-17_DS123-17.log   1 file pairs offsets exceeds maximum acceptable offset 0.1cm
-------------------------------------------------
16. DS123-17_DS123-17.log   1 file pairs offsets exceeds maximum acceptable offset 0.1cm
-------------------------------------------------
17. DS123-17_DS123-17.log   1 file pairs offsets exceeds maximum acceptable offset 0.1cm
-------------------------------------------------
18. DS123-17_DS123-17.log   1 file pairs offsets exceeds maximum acceptable offset 0.1cm
-------------------------------------------------
19. D:\prog\testFiles\SKAIDRA_D:\prog\testFiles\SKAIDRA.log   6 file pairs offsets exceeds maximum acceptable offset 0.1cm
-------------------------------------------------
20. D:\prog\testFiles\SKAIDRA_D:\prog\testFiles\SKAIDRA.log   6 file pairs offsets exceeds maximum acceptable offset 0.1cm
-------------------------------------------------
21. D:\prog\testFiles\SKAIDRA_D:\prog\testFiles\SKAIDRA.log   6 file pairs offsets exceeds maximum acceptable offset 0.1cm
-------------------------------------------------
22. D:\prog\testFiles\SKAIDRA_D:\prog\testFiles\SKAIDRA.log   6 file pairs offsets exceeds maximum acceptable offset 0.1cm
-------------------------------------------------
23. D:\prog\testFiles\SKAIDRA_D:\prog\testFiles\SKAIDRA.log   6 file pairs offsets exceeds maximum acceptable offset 0.1cm
-------------------------------------------------
24. D:\prog\testFiles\SKAIDRA_D:\prog\testFiles\SKAIDRA.log   6 file pairs offsets exceeds maximum acceptable offset 0.1cm
-------------------------------------------------
25. D:\prog\testFiles\SKAIDRA_D:\prog\testFiles\SKAIDRA.log   6 file pairs offsets exceeds maximum acceptable offset 0.1cm
